*** Using Compiler 'V5.06 update 1 (build 61)', folder: 'D:\Keil_v5\ARM\ARMCC\Bin'
Build target 'GD32'
compiling systick.c...
compiling gd32f4xx_dbg.c...
compiling gd32f4xx_it.c...
compiling gd32f4xx_adc.c...
compiling main.c...
compiling system_gd32f4xx.c...
compiling gd32f4xx_dac.c...
compiling gd32f4xx_ctc.c...
compiling gd32f4xx_dma.c...
compiling gd32f4xx_dci.c...
compiling gd32f4xx_crc.c...
compiling gd32f4xx_can.c...
compiling gd32f4xx_exti.c...
compiling gd32f4xx_enet.c...
compiling gd32f4xx_exmc.c...
compiling gd32f4xx_fmc.c...
compiling gd32f4xx_fwdgt.c...
compiling gd32f4xx_gpio.c...
compiling gd32f4xx_i2c.c...
compiling gd32f4xx_ipa.c...
compiling gd32f4xx_iref.c...
compiling gd32f4xx_misc.c...
compiling gd32f4xx_pmu.c...
compiling gd32f4xx_rcu.c...
compiling gd32f4xx_sdio.c...
compiling gd32f4xx_rtc.c...
compiling gd32f4xx_spi.c...
compiling gd32f4xx_syscfg.c...
assembling startup_gd32f450_470.s...
compiling gd32f4xx_tli.c...
compiling gd32f4xx_timer.c...
compiling gd32f4xx_trng.c...
compiling gd32f4xx_usart.c...
compiling gd32f4xx_wwdgt.c...
compiling gd32f470v_start.c...
compiling receive_send_config.c...
compiling node_period_config.c...
compiling sys_config.c...
compiling global_config.c...
compiling pin_period_config.c...
compiling protocol.c...
compiling peripheral_config.c...
compiling i2c.c...
compiling xl9555.c...
compiling adc_config.c...
linking...
Program Size: Code=11450 RO-data=466 RW-data=316 ZI-data=3332  
FromELF: creating hex file...
".\Objects\WirelessHarnessTest.axf" - 0 Error(s), 0 Warning(s).
Build Time Elapsed:  00:00:03
